
**** Build of configuration Nios II for project experiment3 ****

make all 
Info: Building ../experiment3_bsp/
make --no-print-directory -C ../experiment3_bsp/
[BSP build complete]
Info: Compiling experiment3.c to obj/default/experiment3.o
nios2-elf-gcc -xc -MP -MMD -c -I../experiment3_bsp//HAL/inc -I../experiment3_bsp/ -I../experiment3_bsp//drivers/inc  -DSYSTEM_BUS_WIDTH=32 -pipe -D__hal__ -DALT_NO_INSTRUCTION_EMULATION -DALT_SINGLE_THREADED    -O0 -g -Wall   -EL -mno-hw-div -mno-hw-mul -mno-hw-mulx  -o obj/default/experiment3.o experiment3.c
Info: Linking experiment3.elf
nios2-elf-g++  -T'../experiment3_bsp//linker.x' -msys-crt0='../experiment3_bsp//obj/HAL/src/crt0.o' -msys-lib=hal_bsp -L../experiment3_bsp/   -Wl,-Map=experiment3.map   -O0 -g -Wall   -EL -mno-hw-div -mno-hw-mul -mno-hw-mulx  -o experiment3.elf obj/default/experiment3.o -lm 
nios2-elf-insert experiment3.elf --thread_model hal --cpu_name cpu_0 --qsys true --simulation_enabled false --stderr_dev jtag_uart_0 --stdin_dev jtag_uart_0 --stdout_dev jtag_uart_0 --sopc_system_name experiment3 --quartus_project_dir "/home/ECE/aiellocs/Desktop/4DS4/4DS4/Lab4/exercieses/experiment3" --sopcinfo /home/ECE/aiellocs/Desktop/4DS4/4DS4/Lab4/exercieses/experiment3/software/experiment3_bsp/../../experiment3.sopcinfo
experiment3.c: In function 'TouchPanel_int':
experiment3.c:119: warning: format '%.8X' expects type 'unsigned int', but argument 3 has type 'alt_u32'
experiment3.c:119: warning: format '%.8X' expects type 'unsigned int', but argument 4 has type 'alt_u32'
experiment3.c:119: warning: format '%.8X' expects type 'unsigned int', but argument 5 has type 'alt_u32'
experiment3.c:119: warning: format '%.8X' expects type 'unsigned int', but argument 3 has type 'alt_u32'
experiment3.c:119: warning: format '%.8X' expects type 'unsigned int', but argument 4 has type 'alt_u32'
experiment3.c:119: warning: format '%.8X' expects type 'unsigned int', but argument 5 has type 'alt_u32'
experiment3.c:23: warning: unused variable 'new_config'
experiment3.c: In function 'main':
experiment3.c:148: warning: implicit declaration of function 'alt_irq_register'
Info: (experiment3.elf) 60 KBytes program size (code + initialized data).
Info:                   445 KBytes free for stack + heap.
Info: Creating experiment3.objdump
nios2-elf-objdump --disassemble --syms --all-header --source experiment3.elf >experiment3.objdump
[experiment3 build complete]
