Info: Starting: Create block symbol file (.bsf)
Info: ip-generate --project-directory=/home/ECE/aiellocs/Desktop/coe4ds4_lab3_2016/experiment1a/ --output-directory=/home/ECE/aiellocs/Desktop/coe4ds4_lab3_2016/experiment1a/nios_system/ --report-file=bsf:/home/ECE/aiellocs/Desktop/coe4ds4_lab3_2016/experiment1a/nios_system.bsf --system-info=DEVICE_FAMILY="Cyclone II" --system-info=DEVICE=EP2C35F672C6 --system-info=DEVICE_SPEEDGRADE=6 --component-file=/home/ECE/aiellocs/Desktop/coe4ds4_lab3_2016/experiment1a/nios_system.qsys
Progress: Loading experiment1a/nios_system.qsys
Progress: Reading input file
Progress: Adding sram_0 [altera_up_avalon_sram 11.0]
Progress: Parameterizing module sram_0
Progress: Adding SWITCH_I [altera_avalon_pio 12.0]
Progress: Parameterizing module SWITCH_I
Progress: Adding PUSH_BUTTON_I [altera_avalon_pio 12.0]
Progress: Parameterizing module PUSH_BUTTON_I
Progress: Adding LED_RED_O [altera_avalon_pio 12.0]
Progress: Parameterizing module LED_RED_O
Progress: Adding LED_GREEN_O [altera_avalon_pio 12.0]
Progress: Parameterizing module LED_GREEN_O
Progress: Adding CLOCK_50_I [clock_source 12.0]
Progress: Parameterizing module CLOCK_50_I
Progress: Adding custom_counter_reset_counter [altera_avalon_pio 12.0]
Progress: Parameterizing module custom_counter_reset_counter
Progress: Adding custom_counter_load [altera_avalon_pio 12.0]
Progress: Parameterizing module custom_counter_load
Progress: Adding custom_counter_load_config [altera_avalon_pio 12.0]
Progress: Parameterizing module custom_counter_load_config
Progress: Adding custom_counter_value [altera_avalon_pio 12.0]
Progress: Parameterizing module custom_counter_value
Progress: Adding custom_counter_counter_expire [altera_avalon_pio 12.0]
Progress: Parameterizing module custom_counter_counter_expire
Progress: Adding cpu_0 [altera_nios2_qsys 12.0]
Progress: Parameterizing module cpu_0
Progress: Adding jtag_uart_0 [altera_avalon_jtag_uart 12.0]
Progress: Parameterizing module jtag_uart_0
Progress: Building connections
Progress: Parameterizing connections
Progress: Validating
Progress: Done reading input file
Info: nios_system.SWITCH_I: PIO inputs are not hardwired in test bench. Undefined values will be read from PIO inputs during simulation.
Info: nios_system.PUSH_BUTTON_I: PIO inputs are not hardwired in test bench. Undefined values will be read from PIO inputs during simulation.
Info: nios_system.custom_counter_value: PIO inputs are not hardwired in test bench. Undefined values will be read from PIO inputs during simulation.
Info: nios_system.custom_counter_counter_expire: PIO inputs are not hardwired in test bench. Undefined values will be read from PIO inputs during simulation.
Info: ip-generate succeeded.
Info: Finished: Create block symbol file (.bsf)
Info: 
Info: Starting: Create HDL design files for synthesis
Info: ip-generate --project-directory=/home/ECE/aiellocs/Desktop/coe4ds4_lab3_2016/experiment1a/ --output-directory=/home/ECE/aiellocs/Desktop/coe4ds4_lab3_2016/experiment1a/nios_system/synthesis/ --file-set=QUARTUS_SYNTH --report-file=sopcinfo:/home/ECE/aiellocs/Desktop/coe4ds4_lab3_2016/experiment1a/nios_system.sopcinfo --report-file=html:/home/ECE/aiellocs/Desktop/coe4ds4_lab3_2016/experiment1a/nios_system.html --report-file=qip:/home/ECE/aiellocs/Desktop/coe4ds4_lab3_2016/experiment1a/nios_system/synthesis/nios_system.qip --system-info=DEVICE_FAMILY="Cyclone II" --system-info=DEVICE=EP2C35F672C6 --system-info=DEVICE_SPEEDGRADE=6 --component-file=/home/ECE/aiellocs/Desktop/coe4ds4_lab3_2016/experiment1a/nios_system.qsys
Progress: Loading experiment1a/nios_system.qsys
Progress: Reading input file
Progress: Adding sram_0 [altera_up_avalon_sram 11.0]
Progress: Parameterizing module sram_0
Progress: Adding SWITCH_I [altera_avalon_pio 12.0]
Progress: Parameterizing module SWITCH_I
Progress: Adding PUSH_BUTTON_I [altera_avalon_pio 12.0]
Progress: Parameterizing module PUSH_BUTTON_I
Progress: Adding LED_RED_O [altera_avalon_pio 12.0]
Progress: Parameterizing module LED_RED_O
Progress: Adding LED_GREEN_O [altera_avalon_pio 12.0]
Progress: Parameterizing module LED_GREEN_O
Progress: Adding CLOCK_50_I [clock_source 12.0]
Progress: Parameterizing module CLOCK_50_I
Progress: Adding custom_counter_reset_counter [altera_avalon_pio 12.0]
Progress: Parameterizing module custom_counter_reset_counter
Progress: Adding custom_counter_load [altera_avalon_pio 12.0]
Progress: Parameterizing module custom_counter_load
Progress: Adding custom_counter_load_config [altera_avalon_pio 12.0]
Progress: Parameterizing module custom_counter_load_config
Progress: Adding custom_counter_value [altera_avalon_pio 12.0]
Progress: Parameterizing module custom_counter_value
Progress: Adding custom_counter_counter_expire [altera_avalon_pio 12.0]
Progress: Parameterizing module custom_counter_counter_expire
Progress: Adding cpu_0 [altera_nios2_qsys 12.0]
Progress: Parameterizing module cpu_0
Progress: Adding jtag_uart_0 [altera_avalon_jtag_uart 12.0]
Progress: Parameterizing module jtag_uart_0
Progress: Building connections
Progress: Parameterizing connections
Progress: Validating
Progress: Done reading input file
Info: nios_system.SWITCH_I: PIO inputs are not hardwired in test bench. Undefined values will be read from PIO inputs during simulation.
Info: nios_system.PUSH_BUTTON_I: PIO inputs are not hardwired in test bench. Undefined values will be read from PIO inputs during simulation.
Info: nios_system.custom_counter_value: PIO inputs are not hardwired in test bench. Undefined values will be read from PIO inputs during simulation.
Info: nios_system.custom_counter_counter_expire: PIO inputs are not hardwired in test bench. Undefined values will be read from PIO inputs during simulation.
Info: nios_system: Generating nios_system "nios_system" for QUARTUS_SYNTH
Info: pipeline_bridge_swap_transform: After transform: 13 modules, 53 connections
Info: No custom instruction connections, skipping transform 
Info: merlin_translator_transform: After transform: 27 modules, 109 connections
Info: merlin_domain_transform: After transform: 54 modules, 293 connections
Info: merlin_router_transform: After transform: 68 modules, 349 connections
Info: merlin_burst_transform: After transform: 69 modules, 353 connections
Info: reset_adaptation_transform: After transform: 70 modules, 275 connections
Info: merlin_network_to_switch_transform: After transform: 97 modules, 331 connections
Info: merlin_width_transform: After transform: 99 modules, 337 connections
Info: merlin_interrupt_mapper_transform: After transform: 100 modules, 340 connections
Info: sram_0: Starting Generation of SRAM or SSRAM Controller
Info: sram_0: "nios_system" instantiated altera_up_avalon_sram "sram_0"
Info: Starting classic module elaboration.
"/tools/altera/12.0/quartus/linux/jre/bin/java" -Xmx512M -classpath "/tools/altera/12.0/quartus/sopc_builder/bin/sopc_builder.jar:/tools/altera/12.0/quartus/sopc_builder/bin/PinAssigner.jar:/tools/altera/12.0/quartus/sopc_builder/bin/sopc_wizard.jar:/tools/altera/12.0/quartus/sopc_builder/bin/jptf.jar" sopc_builder.sopc_builder  -d"/tools/altera/12.0/quartus/sopc_builder" -notalkback=1 -projectnameyysystem.qpf -projectpath/tmp/alt6826_4142036316983084800.dir/0003_sopclgen  --no_splash --refresh /tmp/alt6826_4142036316983084800.dir/0003_sopclgen/yysystem.v --quartus_dir="/tools/altera/12.0/quartus" --sopc_perl="/tools/altera/12.0/quartus/linux/perl" --sopc_lib_path="++/tools/altera/12.0/quartus/../ip/altera/sopc_builder_ip+/tools/altera/12.0/quartus/../ip/altera/nios2_ip"
Info: Finished elaborating classic module.
Executing: /tools/altera/12.0/quartus//sopc_builder/bin/sopc_builder --classic --generate /tmp/alt6826_4142036316983084800.dir/0003_sopclgen/yysystem.ptf
Info: Running sopc_builder...
"/tools/altera/12.0/quartus//linux/jre/bin/java" -Xmx512M -classpath "/tools/altera/12.0/quartus//sopc_builder/bin/sopc_builder.jar:/tools/altera/12.0/quartus//sopc_builder/bin/PinAssigner.jar:/tools/altera/12.0/quartus//sopc_builder/bin/sopc_wizard.jar:/tools/altera/12.0/quartus//sopc_builder/bin/jptf.jar" sopc_builder.sopc_builder  -d"/tools/altera/12.0/quartus//sopc_builder" -notalkback=1 -projectnameyysystem.qpf -projectpath/tmp/alt6826_4142036316983084800.dir/0003_sopclgen  --generate /tmp/alt6826_4142036316983084800.dir/0003_sopclgen/yysystem.v --quartus_dir="/tools/altera/12.0/quartus/" --sopc_perl="/tools/altera/12.0/quartus//linux/perl" --sopc_lib_path="++/tools/altera/12.0/quartus//../ip/altera/sopc_builder_ip+/tools/altera/12.0/quartus//../ip/altera/nios2_ip"
.
# 2016.01.26 16:30:43 (*) Success: sopc_builder finished.
Info: SWITCH_I: "nios_system" instantiated altera_avalon_pio "SWITCH_I"
Info: Starting classic module elaboration.
"/tools/altera/12.0/quartus/linux/jre/bin/java" -Xmx512M -classpath "/tools/altera/12.0/quartus/sopc_builder/bin/sopc_builder.jar:/tools/altera/12.0/quartus/sopc_builder/bin/PinAssigner.jar:/tools/altera/12.0/quartus/sopc_builder/bin/sopc_wizard.jar:/tools/altera/12.0/quartus/sopc_builder/bin/jptf.jar" sopc_builder.sopc_builder  -d"/tools/altera/12.0/quartus/sopc_builder" -notalkback=1 -projectnameyysystem.qpf -projectpath/tmp/alt6826_4142036316983084800.dir/0004_sopclgen  --no_splash --refresh /tmp/alt6826_4142036316983084800.dir/0004_sopclgen/yysystem.v --quartus_dir="/tools/altera/12.0/quartus" --sopc_perl="/tools/altera/12.0/quartus/linux/perl" --sopc_lib_path="++/tools/altera/12.0/quartus/../ip/altera/sopc_builder_ip+/tools/altera/12.0/quartus/../ip/altera/nios2_ip"
Info: Finished elaborating classic module.
Executing: /tools/altera/12.0/quartus//sopc_builder/bin/sopc_builder --classic --generate /tmp/alt6826_4142036316983084800.dir/0004_sopclgen/yysystem.ptf
Info: Running sopc_builder...
"/tools/altera/12.0/quartus//linux/jre/bin/java" -Xmx512M -classpath "/tools/altera/12.0/quartus//sopc_builder/bin/sopc_builder.jar:/tools/altera/12.0/quartus//sopc_builder/bin/PinAssigner.jar:/tools/altera/12.0/quartus//sopc_builder/bin/sopc_wizard.jar:/tools/altera/12.0/quartus//sopc_builder/bin/jptf.jar" sopc_builder.sopc_builder  -d"/tools/altera/12.0/quartus//sopc_builder" -notalkback=1 -projectnameyysystem.qpf -projectpath/tmp/alt6826_4142036316983084800.dir/0004_sopclgen  --generate /tmp/alt6826_4142036316983084800.dir/0004_sopclgen/yysystem.v --quartus_dir="/tools/altera/12.0/quartus/" --sopc_perl="/tools/altera/12.0/quartus//linux/perl" --sopc_lib_path="++/tools/altera/12.0/quartus//../ip/altera/sopc_builder_ip+/tools/altera/12.0/quartus//../ip/altera/nios2_ip"
.
# 2016.01.26 16:30:48 (*) Success: sopc_builder finished.
Info: PUSH_BUTTON_I: "nios_system" instantiated altera_avalon_pio "PUSH_BUTTON_I"
Info: Starting classic module elaboration.
"/tools/altera/12.0/quartus/linux/jre/bin/java" -Xmx512M -classpath "/tools/altera/12.0/quartus/sopc_builder/bin/sopc_builder.jar:/tools/altera/12.0/quartus/sopc_builder/bin/PinAssigner.jar:/tools/altera/12.0/quartus/sopc_builder/bin/sopc_wizard.jar:/tools/altera/12.0/quartus/sopc_builder/bin/jptf.jar" sopc_builder.sopc_builder  -d"/tools/altera/12.0/quartus/sopc_builder" -notalkback=1 -projectnameyysystem.qpf -projectpath/tmp/alt6826_4142036316983084800.dir/0005_sopclgen  --no_splash --refresh /tmp/alt6826_4142036316983084800.dir/0005_sopclgen/yysystem.v --quartus_dir="/tools/altera/12.0/quartus" --sopc_perl="/tools/altera/12.0/quartus/linux/perl" --sopc_lib_path="++/tools/altera/12.0/quartus/../ip/altera/sopc_builder_ip+/tools/altera/12.0/quartus/../ip/altera/nios2_ip"
Info: Finished elaborating classic module.
Executing: /tools/altera/12.0/quartus//sopc_builder/bin/sopc_builder --classic --generate /tmp/alt6826_4142036316983084800.dir/0005_sopclgen/yysystem.ptf
Info: Running sopc_builder...
"/tools/altera/12.0/quartus//linux/jre/bin/java" -Xmx512M -classpath "/tools/altera/12.0/quartus//sopc_builder/bin/sopc_builder.jar:/tools/altera/12.0/quartus//sopc_builder/bin/PinAssigner.jar:/tools/altera/12.0/quartus//sopc_builder/bin/sopc_wizard.jar:/tools/altera/12.0/quartus//sopc_builder/bin/jptf.jar" sopc_builder.sopc_builder  -d"/tools/altera/12.0/quartus//sopc_builder" -notalkback=1 -projectnameyysystem.qpf -projectpath/tmp/alt6826_4142036316983084800.dir/0005_sopclgen  --generate /tmp/alt6826_4142036316983084800.dir/0005_sopclgen/yysystem.v --quartus_dir="/tools/altera/12.0/quartus/" --sopc_perl="/tools/altera/12.0/quartus//linux/perl" --sopc_lib_path="++/tools/altera/12.0/quartus//../ip/altera/sopc_builder_ip+/tools/altera/12.0/quartus//../ip/altera/nios2_ip"
.
# 2016.01.26 16:30:53 (*) Success: sopc_builder finished.
Info: LED_RED_O: "nios_system" instantiated altera_avalon_pio "LED_RED_O"
Info: Starting classic module elaboration.
"/tools/altera/12.0/quartus/linux/jre/bin/java" -Xmx512M -classpath "/tools/altera/12.0/quartus/sopc_builder/bin/sopc_builder.jar:/tools/altera/12.0/quartus/sopc_builder/bin/PinAssigner.jar:/tools/altera/12.0/quartus/sopc_builder/bin/sopc_wizard.jar:/tools/altera/12.0/quartus/sopc_builder/bin/jptf.jar" sopc_builder.sopc_builder  -d"/tools/altera/12.0/quartus/sopc_builder" -notalkback=1 -projectnameyysystem.qpf -projectpath/tmp/alt6826_4142036316983084800.dir/0006_sopclgen  --no_splash --refresh /tmp/alt6826_4142036316983084800.dir/0006_sopclgen/yysystem.v --quartus_dir="/tools/altera/12.0/quartus" --sopc_perl="/tools/altera/12.0/quartus/linux/perl" --sopc_lib_path="++/tools/altera/12.0/quartus/../ip/altera/sopc_builder_ip+/tools/altera/12.0/quartus/../ip/altera/nios2_ip"
Info: Finished elaborating classic module.
Executing: /tools/altera/12.0/quartus//sopc_builder/bin/sopc_builder --classic --generate /tmp/alt6826_4142036316983084800.dir/0006_sopclgen/yysystem.ptf
Info: Running sopc_builder...
"/tools/altera/12.0/quartus//linux/jre/bin/java" -Xmx512M -classpath "/tools/altera/12.0/quartus//sopc_builder/bin/sopc_builder.jar:/tools/altera/12.0/quartus//sopc_builder/bin/PinAssigner.jar:/tools/altera/12.0/quartus//sopc_builder/bin/sopc_wizard.jar:/tools/altera/12.0/quartus//sopc_builder/bin/jptf.jar" sopc_builder.sopc_builder  -d"/tools/altera/12.0/quartus//sopc_builder" -notalkback=1 -projectnameyysystem.qpf -projectpath/tmp/alt6826_4142036316983084800.dir/0006_sopclgen  --generate /tmp/alt6826_4142036316983084800.dir/0006_sopclgen/yysystem.v --quartus_dir="/tools/altera/12.0/quartus/" --sopc_perl="/tools/altera/12.0/quartus//linux/perl" --sopc_lib_path="++/tools/altera/12.0/quartus//../ip/altera/sopc_builder_ip+/tools/altera/12.0/quartus//../ip/altera/nios2_ip"
.
# 2016.01.26 16:30:58 (*) Success: sopc_builder finished.
Info: LED_GREEN_O: "nios_system" instantiated altera_avalon_pio "LED_GREEN_O"
Info: Starting classic module elaboration.
"/tools/altera/12.0/quartus/linux/jre/bin/java" -Xmx512M -classpath "/tools/altera/12.0/quartus/sopc_builder/bin/sopc_builder.jar:/tools/altera/12.0/quartus/sopc_builder/bin/PinAssigner.jar:/tools/altera/12.0/quartus/sopc_builder/bin/sopc_wizard.jar:/tools/altera/12.0/quartus/sopc_builder/bin/jptf.jar" sopc_builder.sopc_builder  -d"/tools/altera/12.0/quartus/sopc_builder" -notalkback=1 -projectnameyysystem.qpf -projectpath/tmp/alt6826_4142036316983084800.dir/0007_sopclgen  --no_splash --refresh /tmp/alt6826_4142036316983084800.dir/0007_sopclgen/yysystem.v --quartus_dir="/tools/altera/12.0/quartus" --sopc_perl="/tools/altera/12.0/quartus/linux/perl" --sopc_lib_path="++/tools/altera/12.0/quartus/../ip/altera/sopc_builder_ip+/tools/altera/12.0/quartus/../ip/altera/nios2_ip"
Info: Finished elaborating classic module.
Executing: /tools/altera/12.0/quartus//sopc_builder/bin/sopc_builder --classic --generate /tmp/alt6826_4142036316983084800.dir/0007_sopclgen/yysystem.ptf
Info: Running sopc_builder...
"/tools/altera/12.0/quartus//linux/jre/bin/java" -Xmx512M -classpath "/tools/altera/12.0/quartus//sopc_builder/bin/sopc_builder.jar:/tools/altera/12.0/quartus//sopc_builder/bin/PinAssigner.jar:/tools/altera/12.0/quartus//sopc_builder/bin/sopc_wizard.jar:/tools/altera/12.0/quartus//sopc_builder/bin/jptf.jar" sopc_builder.sopc_builder  -d"/tools/altera/12.0/quartus//sopc_builder" -notalkback=1 -projectnameyysystem.qpf -projectpath/tmp/alt6826_4142036316983084800.dir/0007_sopclgen  --generate /tmp/alt6826_4142036316983084800.dir/0007_sopclgen/yysystem.v --quartus_dir="/tools/altera/12.0/quartus/" --sopc_perl="/tools/altera/12.0/quartus//linux/perl" --sopc_lib_path="++/tools/altera/12.0/quartus//../ip/altera/sopc_builder_ip+/tools/altera/12.0/quartus//../ip/altera/nios2_ip"
.
# 2016.01.26 16:31:03 (*) Success: sopc_builder finished.
Info: custom_counter_reset_counter: "nios_system" instantiated altera_avalon_pio "custom_counter_reset_counter"
Info: Starting classic module elaboration.
"/tools/altera/12.0/quartus/linux/jre/bin/java" -Xmx512M -classpath "/tools/altera/12.0/quartus/sopc_builder/bin/sopc_builder.jar:/tools/altera/12.0/quartus/sopc_builder/bin/PinAssigner.jar:/tools/altera/12.0/quartus/sopc_builder/bin/sopc_wizard.jar:/tools/altera/12.0/quartus/sopc_builder/bin/jptf.jar" sopc_builder.sopc_builder  -d"/tools/altera/12.0/quartus/sopc_builder" -notalkback=1 -projectnameyysystem.qpf -projectpath/tmp/alt6826_4142036316983084800.dir/0008_sopclgen  --no_splash --refresh /tmp/alt6826_4142036316983084800.dir/0008_sopclgen/yysystem.v --quartus_dir="/tools/altera/12.0/quartus" --sopc_perl="/tools/altera/12.0/quartus/linux/perl" --sopc_lib_path="++/tools/altera/12.0/quartus/../ip/altera/sopc_builder_ip+/tools/altera/12.0/quartus/../ip/altera/nios2_ip"
Info: Finished elaborating classic module.
Executing: /tools/altera/12.0/quartus//sopc_builder/bin/sopc_builder --classic --generate /tmp/alt6826_4142036316983084800.dir/0008_sopclgen/yysystem.ptf
Info: Running sopc_builder...
"/tools/altera/12.0/quartus//linux/jre/bin/java" -Xmx512M -classpath "/tools/altera/12.0/quartus//sopc_builder/bin/sopc_builder.jar:/tools/altera/12.0/quartus//sopc_builder/bin/PinAssigner.jar:/tools/altera/12.0/quartus//sopc_builder/bin/sopc_wizard.jar:/tools/altera/12.0/quartus//sopc_builder/bin/jptf.jar" sopc_builder.sopc_builder  -d"/tools/altera/12.0/quartus//sopc_builder" -notalkback=1 -projectnameyysystem.qpf -projectpath/tmp/alt6826_4142036316983084800.dir/0008_sopclgen  --generate /tmp/alt6826_4142036316983084800.dir/0008_sopclgen/yysystem.v --quartus_dir="/tools/altera/12.0/quartus/" --sopc_perl="/tools/altera/12.0/quartus//linux/perl" --sopc_lib_path="++/tools/altera/12.0/quartus//../ip/altera/sopc_builder_ip+/tools/altera/12.0/quartus//../ip/altera/nios2_ip"
.
# 2016.01.26 16:31:07 (*) Success: sopc_builder finished.
Info: custom_counter_load_config: "nios_system" instantiated altera_avalon_pio "custom_counter_load_config"
Info: Starting classic module elaboration.
"/tools/altera/12.0/quartus/linux/jre/bin/java" -Xmx512M -classpath "/tools/altera/12.0/quartus/sopc_builder/bin/sopc_builder.jar:/tools/altera/12.0/quartus/sopc_builder/bin/PinAssigner.jar:/tools/altera/12.0/quartus/sopc_builder/bin/sopc_wizard.jar:/tools/altera/12.0/quartus/sopc_builder/bin/jptf.jar" sopc_builder.sopc_builder  -d"/tools/altera/12.0/quartus/sopc_builder" -notalkback=1 -projectnameyysystem.qpf -projectpath/tmp/alt6826_4142036316983084800.dir/0009_sopclgen  --no_splash --refresh /tmp/alt6826_4142036316983084800.dir/0009_sopclgen/yysystem.v --quartus_dir="/tools/altera/12.0/quartus" --sopc_perl="/tools/altera/12.0/quartus/linux/perl" --sopc_lib_path="++/tools/altera/12.0/quartus/../ip/altera/sopc_builder_ip+/tools/altera/12.0/quartus/../ip/altera/nios2_ip"
Info: Finished elaborating classic module.
Executing: /tools/altera/12.0/quartus//sopc_builder/bin/sopc_builder --classic --generate /tmp/alt6826_4142036316983084800.dir/0009_sopclgen/yysystem.ptf
Info: Running sopc_builder...
"/tools/altera/12.0/quartus//linux/jre/bin/java" -Xmx512M -classpath "/tools/altera/12.0/quartus//sopc_builder/bin/sopc_builder.jar:/tools/altera/12.0/quartus//sopc_builder/bin/PinAssigner.jar:/tools/altera/12.0/quartus//sopc_builder/bin/sopc_wizard.jar:/tools/altera/12.0/quartus//sopc_builder/bin/jptf.jar" sopc_builder.sopc_builder  -d"/tools/altera/12.0/quartus//sopc_builder" -notalkback=1 -projectnameyysystem.qpf -projectpath/tmp/alt6826_4142036316983084800.dir/0009_sopclgen  --generate /tmp/alt6826_4142036316983084800.dir/0009_sopclgen/yysystem.v --quartus_dir="/tools/altera/12.0/quartus/" --sopc_perl="/tools/altera/12.0/quartus//linux/perl" --sopc_lib_path="++/tools/altera/12.0/quartus//../ip/altera/sopc_builder_ip+/tools/altera/12.0/quartus//../ip/altera/nios2_ip"
.
# 2016.01.26 16:31:12 (*) Success: sopc_builder finished.
Info: custom_counter_value: "nios_system" instantiated altera_avalon_pio "custom_counter_value"
Info: Starting classic module elaboration.
"/tools/altera/12.0/quartus/linux/jre/bin/java" -Xmx512M -classpath "/tools/altera/12.0/quartus/sopc_builder/bin/sopc_builder.jar:/tools/altera/12.0/quartus/sopc_builder/bin/PinAssigner.jar:/tools/altera/12.0/quartus/sopc_builder/bin/sopc_wizard.jar:/tools/altera/12.0/quartus/sopc_builder/bin/jptf.jar" sopc_builder.sopc_builder  -d"/tools/altera/12.0/quartus/sopc_builder" -notalkback=1 -projectnameyysystem.qpf -projectpath/tmp/alt6826_4142036316983084800.dir/0010_sopclgen  --no_splash --refresh /tmp/alt6826_4142036316983084800.dir/0010_sopclgen/yysystem.v --quartus_dir="/tools/altera/12.0/quartus" --sopc_perl="/tools/altera/12.0/quartus/linux/perl" --sopc_lib_path="++/tools/altera/12.0/quartus/../ip/altera/sopc_builder_ip+/tools/altera/12.0/quartus/../ip/altera/nios2_ip"
Info: Finished elaborating classic module.
Executing: /tools/altera/12.0/quartus//sopc_builder/bin/sopc_builder --classic --generate /tmp/alt6826_4142036316983084800.dir/0010_sopclgen/yysystem.ptf
Info: Running sopc_builder...
"/tools/altera/12.0/quartus//linux/jre/bin/java" -Xmx512M -classpath "/tools/altera/12.0/quartus//sopc_builder/bin/sopc_builder.jar:/tools/altera/12.0/quartus//sopc_builder/bin/PinAssigner.jar:/tools/altera/12.0/quartus//sopc_builder/bin/sopc_wizard.jar:/tools/altera/12.0/quartus//sopc_builder/bin/jptf.jar" sopc_builder.sopc_builder  -d"/tools/altera/12.0/quartus//sopc_builder" -notalkback=1 -projectnameyysystem.qpf -projectpath/tmp/alt6826_4142036316983084800.dir/0010_sopclgen  --generate /tmp/alt6826_4142036316983084800.dir/0010_sopclgen/yysystem.v --quartus_dir="/tools/altera/12.0/quartus/" --sopc_perl="/tools/altera/12.0/quartus//linux/perl" --sopc_lib_path="++/tools/altera/12.0/quartus//../ip/altera/sopc_builder_ip+/tools/altera/12.0/quartus//../ip/altera/nios2_ip"
.
# 2016.01.26 16:31:16 (*) Success: sopc_builder finished.
Info: custom_counter_counter_expire: "nios_system" instantiated altera_avalon_pio "custom_counter_counter_expire"
Info: cpu_0: Starting RTL generation for module 'nios_system_cpu_0'
Info: cpu_0:   Generation command is [exec /tools/altera/12.0/quartus/../ip/altera/nios2_ip/altera_nios2/eperl -I /tools/altera/12.0/quartus/common/ip/altera/common/perl/5.8.3 -I /tools/altera/12.0/quartus/sopc_builder/bin/europa -I /tools/altera/12.0/quartus/sopc_builder/bin/perl_lib -I /tools/altera/12.0/quartus/sopc_builder/bin -I /tools/altera/12.0/quartus/../ip/altera/nios2_ip/altera_nios2/cpu_lib -I /tools/altera/12.0/quartus/../ip/altera/nios2_ip/altera_nios2/nios_lib -I /tools/altera/12.0/quartus/../ip/altera/nios2_ip/altera_nios2 -I /tools/altera/12.0/quartus/../ip/altera/nios2_ip/altera_nios2 -- /tools/altera/12.0/quartus/../ip/altera/nios2_ip/altera_nios2/generate_rtl.epl --name=nios_system_cpu_0 --dir=/tmp/alt6826_4142036316983084800.dir/0011_cpu_0_gen/ --quartus_dir=/tools/altera/12.0/quartus --verilog --config=/tmp/alt6826_4142036316983084800.dir/0011_cpu_0_gen//nios_system_cpu_0_processor_configuration.pl  --do_build_sim=0    --bogus  ]
Info: cpu_0: # 2016.01.26 16:31:17 (*) Starting Nios II generation
Info: cpu_0: # 2016.01.26 16:31:17 (*)   No license required to generate encrypted Nios II/e.
Info: cpu_0: # 2016.01.26 16:31:17 (*)   Elaborating CPU configuration settings
Info: cpu_0: # 2016.01.26 16:31:17 (*)   Creating all objects for CPU
Info: cpu_0: # 2016.01.26 16:31:18 (*)   Generating RTL from CPU objects
Info: cpu_0: # 2016.01.26 16:31:18 (*)   Creating plain-text RTL
Info: cpu_0: # 2016.01.26 16:31:20 (*) Done Nios II generation
Info: cpu_0: Done RTL generation for module 'nios_system_cpu_0'
Info: cpu_0: "nios_system" instantiated altera_nios2_qsys "cpu_0"
Info: Starting classic module elaboration.
"/tools/altera/12.0/quartus/linux/jre/bin/java" -Xmx512M -classpath "/tools/altera/12.0/quartus/sopc_builder/bin/sopc_builder.jar:/tools/altera/12.0/quartus/sopc_builder/bin/PinAssigner.jar:/tools/altera/12.0/quartus/sopc_builder/bin/sopc_wizard.jar:/tools/altera/12.0/quartus/sopc_builder/bin/jptf.jar" sopc_builder.sopc_builder  -d"/tools/altera/12.0/quartus/sopc_builder" -notalkback=1 -projectnameyysystem.qpf -projectpath/tmp/alt6826_4142036316983084800.dir/0012_sopclgen  --no_splash --refresh /tmp/alt6826_4142036316983084800.dir/0012_sopclgen/yysystem.v --quartus_dir="/tools/altera/12.0/quartus" --sopc_perl="/tools/altera/12.0/quartus/linux/perl" --sopc_lib_path="++/tools/altera/12.0/quartus/../ip/altera/sopc_builder_ip+/tools/altera/12.0/quartus/../ip/altera/nios2_ip"
Info: Finished elaborating classic module.
Executing: /tools/altera/12.0/quartus//sopc_builder/bin/sopc_builder --classic --generate /tmp/alt6826_4142036316983084800.dir/0012_sopclgen/yysystem.ptf
Info: Running sopc_builder...
"/tools/altera/12.0/quartus//linux/jre/bin/java" -Xmx512M -classpath "/tools/altera/12.0/quartus//sopc_builder/bin/sopc_builder.jar:/tools/altera/12.0/quartus//sopc_builder/bin/PinAssigner.jar:/tools/altera/12.0/quartus//sopc_builder/bin/sopc_wizard.jar:/tools/altera/12.0/quartus//sopc_builder/bin/jptf.jar" sopc_builder.sopc_builder  -d"/tools/altera/12.0/quartus//sopc_builder" -notalkback=1 -projectnameyysystem.qpf -projectpath/tmp/alt6826_4142036316983084800.dir/0012_sopclgen  --generate /tmp/alt6826_4142036316983084800.dir/0012_sopclgen/yysystem.v --quartus_dir="/tools/altera/12.0/quartus/" --sopc_perl="/tools/altera/12.0/quartus//linux/perl" --sopc_lib_path="++/tools/altera/12.0/quartus//../ip/altera/sopc_builder_ip+/tools/altera/12.0/quartus//../ip/altera/nios2_ip"
.
# 2016.01.26 16:31:24 (*) Success: sopc_builder finished.
Info: jtag_uart_0: "nios_system" instantiated altera_avalon_jtag_uart "jtag_uart_0"
Info: cpu_0_instruction_master_translator: "nios_system" instantiated altera_merlin_master_translator "cpu_0_instruction_master_translator"
Info: cpu_0_jtag_debug_module_translator: "nios_system" instantiated altera_merlin_slave_translator "cpu_0_jtag_debug_module_translator"
Info: cpu_0_instruction_master_translator_avalon_universal_master_0_agent: "nios_system" instantiated altera_merlin_master_agent "cpu_0_instruction_master_translator_avalon_universal_master_0_agent"
Info: cpu_0_jtag_debug_module_translator_avalon_universal_slave_0_agent: "nios_system" instantiated altera_merlin_slave_agent "cpu_0_jtag_debug_module_translator_avalon_universal_slave_0_agent"
Info: cpu_0_jtag_debug_module_translator_avalon_universal_slave_0_agent_rsp_fifo: "nios_system" instantiated altera_avalon_sc_fifo "cpu_0_jtag_debug_module_translator_avalon_universal_slave_0_agent_rsp_fifo"
Info: addr_router: "nios_system" instantiated altera_merlin_router "addr_router"
Info: addr_router_001: "nios_system" instantiated altera_merlin_router "addr_router_001"
Info: id_router: "nios_system" instantiated altera_merlin_router "id_router"
Info: id_router_001: "nios_system" instantiated altera_merlin_router "id_router_001"
Info: id_router_002: "nios_system" instantiated altera_merlin_router "id_router_002"
Info: burst_adapter: "nios_system" instantiated altera_merlin_burst_adapter "burst_adapter"
Info: rst_controller: "nios_system" instantiated altera_reset_controller "rst_controller"
Info: cmd_xbar_demux: "nios_system" instantiated altera_merlin_demultiplexer "cmd_xbar_demux"
Info: cmd_xbar_demux_001: "nios_system" instantiated altera_merlin_demultiplexer "cmd_xbar_demux_001"
Info: cmd_xbar_mux: "nios_system" instantiated altera_merlin_multiplexer "cmd_xbar_mux"
Info: rsp_xbar_demux_002: "nios_system" instantiated altera_merlin_demultiplexer "rsp_xbar_demux_002"
Info: rsp_xbar_mux: "nios_system" instantiated altera_merlin_multiplexer "rsp_xbar_mux"
Info: Reusing file /home/ECE/aiellocs/Desktop/coe4ds4_lab3_2016/experiment1a/nios_system/synthesis/submodules/altera_merlin_arbitrator.sv
Info: rsp_xbar_mux_001: "nios_system" instantiated altera_merlin_multiplexer "rsp_xbar_mux_001"
Info: Reusing file /home/ECE/aiellocs/Desktop/coe4ds4_lab3_2016/experiment1a/nios_system/synthesis/submodules/altera_merlin_arbitrator.sv
Info: width_adapter: "nios_system" instantiated altera_merlin_width_adapter "width_adapter"
Info: Reusing file /home/ECE/aiellocs/Desktop/coe4ds4_lab3_2016/experiment1a/nios_system/synthesis/submodules/altera_merlin_burst_uncompressor.sv
Info: irq_mapper: "nios_system" instantiated altera_irq_mapper "irq_mapper"
Info: nios_system: Done nios_system" with 32 modules, 119 files, 2193366 bytes
Info: ip-generate succeeded.
Info: Finished: Create HDL design files for synthesis
